[2025-05-08 11:17:22,490] 17 root - INFO - create the dataingestion class for perform the function
[2025-05-08 11:17:22,491] 24 root - INFO - read the data from mongodb
[2025-05-08 11:17:22,491] 42 root - INFO - store the data into store path as csv format
[2025-05-08 11:17:22,491] 55 root - INFO - split the data as train and test
[2025-05-08 11:17:22,491] 68 root - INFO - initta ethe data ingestion function to call all fuction
[2025-05-08 11:17:25,885] 20 root - INFO - Data Validation Process started
[2025-05-08 11:17:25,941] 36 root - INFO - Required number of columns:2
[2025-05-08 11:17:25,941] 37 root - INFO - Data frame has columns:18
[2025-05-08 11:17:25,941] 36 root - INFO - Required number of columns:2
[2025-05-08 11:17:25,941] 37 root - INFO - Data frame has columns:18
[2025-05-08 11:17:26,015] 27 root - INFO - Data TRansformation Process started
[2025-05-08 11:17:26,184] 53 root - INFO - Entered get_data_trnasformer_object method of Trnasformation class
[2025-05-08 11:17:26,184] 58 root - INFO - Initialise KNNImputer with {'missing_values': nan, 'n_neighbors': 3, 'weights': 'uniform'}
[2025-05-08 11:17:26,209] 47 root - INFO - Entered the save_object method of MainUtils class
[2025-05-08 11:17:26,212] 51 root - INFO - Exited the save_object method of MainUtils class
[2025-05-08 11:17:26,212] 47 root - INFO - Entered the save_object method of MainUtils class
[2025-05-08 11:17:26,212] 51 root - INFO - Exited the save_object method of MainUtils class
[2025-05-08 11:17:26,212] 33 root - INFO - Model Trainer process started
[2025-05-08 11:18:40,981] 47 root - INFO - Entered the save_object method of MainUtils class
[2025-05-08 11:18:40,996] 51 root - INFO - Exited the save_object method of MainUtils class
[2025-05-08 11:18:40,996] 47 root - INFO - Entered the save_object method of MainUtils class
[2025-05-08 11:18:41,012] 51 root - INFO - Exited the save_object method of MainUtils class
