[2025-05-09 20:00:48,497] 17 root - INFO - create the dataingestion class for perform the function
[2025-05-09 20:00:48,497] 24 root - INFO - read the data from mongodb
[2025-05-09 20:00:48,497] 42 root - INFO - store the data into store path as csv format
[2025-05-09 20:00:48,497] 55 root - INFO - split the data as train and test
[2025-05-09 20:00:48,497] 68 root - INFO - initta ethe data ingestion function to call all fuction
[2025-05-09 20:00:57,459] 20 root - INFO - Data Validation Process started
[2025-05-09 20:00:57,502] 36 root - INFO - Required number of columns:2
[2025-05-09 20:00:57,502] 37 root - INFO - Data frame has columns:18
[2025-05-09 20:00:57,502] 36 root - INFO - Required number of columns:2
[2025-05-09 20:00:57,514] 37 root - INFO - Data frame has columns:18
[2025-05-09 20:00:57,602] 27 root - INFO - Data TRansformation Process started
[2025-05-09 20:00:57,712] 53 root - INFO - Entered get_data_trnasformer_object method of Trnasformation class
[2025-05-09 20:00:57,713] 58 root - INFO - Initialise KNNImputer with {'missing_values': nan, 'n_neighbors': 3, 'weights': 'uniform'}
[2025-05-09 20:00:57,730] 47 root - INFO - Entered the save_object method of MainUtils class
[2025-05-09 20:00:57,734] 51 root - INFO - Exited the save_object method of MainUtils class
[2025-05-09 20:00:57,734] 47 root - INFO - Entered the save_object method of MainUtils class
[2025-05-09 20:00:57,734] 51 root - INFO - Exited the save_object method of MainUtils class
[2025-05-09 20:00:57,734] 33 root - INFO - Model Trainer process started
[2025-05-09 20:02:14,276] 47 root - INFO - Entered the save_object method of MainUtils class
[2025-05-09 20:02:14,282] 51 root - INFO - Exited the save_object method of MainUtils class
[2025-05-09 20:02:14,282] 47 root - INFO - Entered the save_object method of MainUtils class
[2025-05-09 20:02:14,286] 51 root - INFO - Exited the save_object method of MainUtils class
[2025-05-09 20:02:14,287] 124 root - INFO - Model trainer artifact: ModelTrainerArtifact(model_file_path='Artifacts\\05_09_2025_20_00_46\\model_trainer\\trained_model\\model.pkl', train_metric=ClassificationMetricArtifact(accuracy_score=1.0, precision=1.0, recall=1.0, f1_score=1.0), test_metric=ClassificationMetricArtifact(accuracy_score=0.9791666666666666, precision=0.9795751633986928, recall=0.9791666666666666, f1_score=0.9791794590643276))
