[2025-05-08 11:27:58,850] 17 root - INFO - create the dataingestion class for perform the function
[2025-05-08 11:27:58,850] 24 root - INFO - read the data from mongodb
[2025-05-08 11:27:58,850] 42 root - INFO - store the data into store path as csv format
[2025-05-08 11:27:58,850] 55 root - INFO - split the data as train and test
[2025-05-08 11:27:58,850] 68 root - INFO - initta ethe data ingestion function to call all fuction
[2025-05-08 11:28:04,501] 20 root - INFO - Data Validation Process started
[2025-05-08 11:28:04,551] 36 root - INFO - Required number of columns:2
[2025-05-08 11:28:04,551] 37 root - INFO - Data frame has columns:18
[2025-05-08 11:28:04,551] 36 root - INFO - Required number of columns:2
[2025-05-08 11:28:04,551] 37 root - INFO - Data frame has columns:18
[2025-05-08 11:28:04,620] 27 root - INFO - Data TRansformation Process started
[2025-05-08 11:28:04,727] 53 root - INFO - Entered get_data_trnasformer_object method of Trnasformation class
[2025-05-08 11:28:04,727] 58 root - INFO - Initialise KNNImputer with {'missing_values': nan, 'n_neighbors': 3, 'weights': 'uniform'}
[2025-05-08 11:28:04,749] 47 root - INFO - Entered the save_object method of MainUtils class
[2025-05-08 11:28:04,751] 51 root - INFO - Exited the save_object method of MainUtils class
[2025-05-08 11:28:04,751] 47 root - INFO - Entered the save_object method of MainUtils class
[2025-05-08 11:28:04,751] 51 root - INFO - Exited the save_object method of MainUtils class
[2025-05-08 11:28:04,751] 33 root - INFO - Model Trainer process started
[2025-05-08 11:29:27,730] 47 root - INFO - Entered the save_object method of MainUtils class
[2025-05-08 11:29:27,739] 51 root - INFO - Exited the save_object method of MainUtils class
[2025-05-08 11:29:27,739] 47 root - INFO - Entered the save_object method of MainUtils class
[2025-05-08 11:29:27,753] 51 root - INFO - Exited the save_object method of MainUtils class
