[2025-05-08 11:30:39,789] 17 root - INFO - create the dataingestion class for perform the function
[2025-05-08 11:30:39,789] 24 root - INFO - read the data from mongodb
[2025-05-08 11:30:39,789] 42 root - INFO - store the data into store path as csv format
[2025-05-08 11:30:39,789] 55 root - INFO - split the data as train and test
[2025-05-08 11:30:39,789] 68 root - INFO - initta ethe data ingestion function to call all fuction
[2025-05-08 11:30:41,690] 20 root - INFO - Data Validation Process started
[2025-05-08 11:30:41,723] 36 root - INFO - Required number of columns:2
[2025-05-08 11:30:41,723] 37 root - INFO - Data frame has columns:18
[2025-05-08 11:30:41,723] 36 root - INFO - Required number of columns:2
[2025-05-08 11:30:41,723] 37 root - INFO - Data frame has columns:18
[2025-05-08 11:30:41,755] 27 root - INFO - Data TRansformation Process started
[2025-05-08 11:30:41,808] 53 root - INFO - Entered get_data_trnasformer_object method of Trnasformation class
[2025-05-08 11:30:41,808] 58 root - INFO - Initialise KNNImputer with {'missing_values': nan, 'n_neighbors': 3, 'weights': 'uniform'}
[2025-05-08 11:30:41,817] 47 root - INFO - Entered the save_object method of MainUtils class
[2025-05-08 11:30:41,818] 51 root - INFO - Exited the save_object method of MainUtils class
[2025-05-08 11:30:41,818] 47 root - INFO - Entered the save_object method of MainUtils class
[2025-05-08 11:30:41,819] 51 root - INFO - Exited the save_object method of MainUtils class
[2025-05-08 11:30:41,820] 33 root - INFO - Model Trainer process started
[2025-05-08 11:32:04,658] 47 root - INFO - Entered the save_object method of MainUtils class
[2025-05-08 11:32:04,671] 51 root - INFO - Exited the save_object method of MainUtils class
[2025-05-08 11:32:04,671] 47 root - INFO - Entered the save_object method of MainUtils class
[2025-05-08 11:32:04,687] 51 root - INFO - Exited the save_object method of MainUtils class
[2025-05-08 11:32:04,687] 94 root - INFO - Model trainer artifact: ModelTrainerArtifact(model_file_path='Artifacts\\05_08_2025_11_30_38\\model_trainer\\trained_model\\model.pkl', train_metric=ClassificationMetricArtifact(accuracy_score=1.0, precision=1.0, recall=1.0, f1_score=1.0), test_metric=ClassificationMetricArtifact(accuracy_score=0.9479166666666666, precision=0.9493123100303951, recall=0.9479166666666666, f1_score=0.9476410338382845))
