[2025-05-10 10:02:22,384] 17 root - INFO - create the dataingestion class for perform the function
[2025-05-10 10:02:22,384] 24 root - INFO - read the data from mongodb
[2025-05-10 10:02:22,384] 42 root - INFO - store the data into store path as csv format
[2025-05-10 10:02:22,384] 55 root - INFO - split the data as train and test
[2025-05-10 10:02:22,384] 68 root - INFO - initta ethe data ingestion function to call all fuction
[2025-05-10 10:02:26,338] 1025 httpx - INFO - HTTP Request: GET https://dagshub.com/api/v1/user "HTTP/1.1 200 OK"
[2025-05-10 10:02:26,348] 107 dagshub - INFO - Accessing as sharmi-jes
[2025-05-10 10:02:26,971] 1025 httpx - INFO - HTTP Request: GET https://dagshub.com/api/v1/repos/sharmi-jes/Students-Academic-Performance-Dataset "HTTP/1.1 200 OK"
[2025-05-10 10:02:27,921] 1025 httpx - INFO - HTTP Request: GET https://dagshub.com/api/v1/user "HTTP/1.1 200 OK"
[2025-05-10 10:02:27,927] 107 dagshub - INFO - Initialized MLflow to track repo "sharmi-jes/Students-Academic-Performance-Dataset"
[2025-05-10 10:02:27,928] 107 dagshub - INFO - Repository sharmi-jes/Students-Academic-Performance-Dataset initialized!
[2025-05-10 10:02:30,147] 20 root - INFO - Data Validation Process started
[2025-05-10 10:02:30,203] 36 root - INFO - Required number of columns:2
[2025-05-10 10:02:30,203] 37 root - INFO - Data frame has columns:18
[2025-05-10 10:02:30,204] 36 root - INFO - Required number of columns:2
[2025-05-10 10:02:30,204] 37 root - INFO - Data frame has columns:18
[2025-05-10 10:02:30,255] 27 root - INFO - Data TRansformation Process started
[2025-05-10 10:02:30,347] 53 root - INFO - Entered get_data_trnasformer_object method of Trnasformation class
[2025-05-10 10:02:30,347] 58 root - INFO - Initialise KNNImputer with {'missing_values': nan, 'n_neighbors': 3, 'weights': 'uniform'}
[2025-05-10 10:02:30,368] 47 root - INFO - Entered the save_object method of MainUtils class
[2025-05-10 10:02:30,371] 51 root - INFO - Exited the save_object method of MainUtils class
[2025-05-10 10:02:30,371] 47 root - INFO - Entered the save_object method of MainUtils class
[2025-05-10 10:02:30,372] 51 root - INFO - Exited the save_object method of MainUtils class
[2025-05-10 10:02:30,373] 33 root - INFO - Model Trainer process started
[2025-05-10 10:04:06,679] 47 root - INFO - Entered the save_object method of MainUtils class
[2025-05-10 10:04:06,690] 51 root - INFO - Exited the save_object method of MainUtils class
[2025-05-10 10:04:06,690] 47 root - INFO - Entered the save_object method of MainUtils class
[2025-05-10 10:04:06,698] 51 root - INFO - Exited the save_object method of MainUtils class
[2025-05-10 10:04:06,699] 127 root - INFO - Model trainer artifact: ModelTrainerArtifact(model_file_path='Artifacts\\05_10_2025_10_02_20\\model_trainer\\trained_model\\model.pkl', train_metric=ClassificationMetricArtifact(accuracy_score=1.0, precision=1.0, recall=1.0, f1_score=1.0), test_metric=ClassificationMetricArtifact(accuracy_score=0.9791666666666666, precision=0.9799041875522138, recall=0.9791666666666666, f1_score=0.979097167942654))
