[2025-05-10 19:06:34,351] 17 root - INFO - create the dataingestion class for perform the function
[2025-05-10 19:06:34,351] 24 root - INFO - read the data from mongodb
[2025-05-10 19:06:34,351] 42 root - INFO - store the data into store path as csv format
[2025-05-10 19:06:34,351] 55 root - INFO - split the data as train and test
[2025-05-10 19:06:34,351] 68 root - INFO - initta ethe data ingestion function to call all fuction
[2025-05-10 19:06:34,367] 17 root - INFO - create the dataingestion class for perform the function
[2025-05-10 19:06:34,367] 24 root - INFO - read the data from mongodb
[2025-05-10 19:06:34,367] 42 root - INFO - store the data into store path as csv format
[2025-05-10 19:06:34,367] 55 root - INFO - split the data as train and test
[2025-05-10 19:06:34,374] 68 root - INFO - initta ethe data ingestion function to call all fuction
[2025-05-10 19:06:38,366] 1025 httpx - INFO - HTTP Request: GET https://dagshub.com/api/v1/user "HTTP/1.1 200 OK"
[2025-05-10 19:06:38,374] 107 dagshub - INFO - Accessing as sharmi-jes
[2025-05-10 19:06:38,711] 1025 httpx - INFO - HTTP Request: GET https://dagshub.com/api/v1/user "HTTP/1.1 200 OK"
[2025-05-10 19:06:38,719] 107 dagshub - INFO - Accessing as sharmi-jes
[2025-05-10 19:06:38,885] 1025 httpx - INFO - HTTP Request: GET https://dagshub.com/api/v1/repos/sharmi-jes/Students-Academic-Performance-Dataset "HTTP/1.1 200 OK"
[2025-05-10 19:06:39,226] 1025 httpx - INFO - HTTP Request: GET https://dagshub.com/api/v1/repos/sharmi-jes/Students-Academic-Performance-Dataset "HTTP/1.1 200 OK"
[2025-05-10 19:06:39,312] 1025 httpx - INFO - HTTP Request: GET https://dagshub.com/api/v1/user "HTTP/1.1 200 OK"
[2025-05-10 19:06:39,314] 107 dagshub - INFO - Initialized MLflow to track repo "sharmi-jes/Students-Academic-Performance-Dataset"
[2025-05-10 19:06:39,315] 107 dagshub - INFO - Repository sharmi-jes/Students-Academic-Performance-Dataset initialized!
[2025-05-10 19:06:39,645] 1025 httpx - INFO - HTTP Request: GET https://dagshub.com/api/v1/user "HTTP/1.1 200 OK"
[2025-05-10 19:06:39,648] 107 dagshub - INFO - Initialized MLflow to track repo "sharmi-jes/Students-Academic-Performance-Dataset"
[2025-05-10 19:06:39,649] 107 dagshub - INFO - Repository sharmi-jes/Students-Academic-Performance-Dataset initialized!
