[2025-05-10 21:18:06,324] 17 root - INFO - create the dataingestion class for perform the function
[2025-05-10 21:18:06,324] 24 root - INFO - read the data from mongodb
[2025-05-10 21:18:06,324] 42 root - INFO - store the data into store path as csv format
[2025-05-10 21:18:06,324] 55 root - INFO - split the data as train and test
[2025-05-10 21:18:06,324] 68 root - INFO - initta ethe data ingestion function to call all fuction
[2025-05-10 21:18:09,905] 1025 httpx - INFO - HTTP Request: GET https://dagshub.com/api/v1/user "HTTP/1.1 200 OK"
[2025-05-10 21:18:09,905] 107 dagshub - INFO - Accessing as sharmi-jes
[2025-05-10 21:18:10,506] 1025 httpx - INFO - HTTP Request: GET https://dagshub.com/api/v1/repos/sharmi-jes/Students-Academic-Performance-Dataset "HTTP/1.1 200 OK"
[2025-05-10 21:18:11,175] 1025 httpx - INFO - HTTP Request: GET https://dagshub.com/api/v1/user "HTTP/1.1 200 OK"
[2025-05-10 21:18:11,175] 107 dagshub - INFO - Initialized MLflow to track repo "sharmi-jes/Students-Academic-Performance-Dataset"
[2025-05-10 21:18:11,179] 107 dagshub - INFO - Repository sharmi-jes/Students-Academic-Performance-Dataset initialized!
[2025-05-10 21:18:17,014] 20 root - INFO - Data Validation Process started
[2025-05-10 21:18:17,060] 36 root - INFO - Required number of columns:2
[2025-05-10 21:18:17,063] 37 root - INFO - Data frame has columns:18
[2025-05-10 21:18:17,063] 36 root - INFO - Required number of columns:2
[2025-05-10 21:18:17,063] 37 root - INFO - Data frame has columns:18
[2025-05-10 21:18:17,111] 27 root - INFO - Data TRansformation Process started
[2025-05-10 21:18:17,178] 36 root - INFO - Entered get_data_trnasformer_object method of Trnasformation class
[2025-05-10 21:18:17,182] 39 root - INFO - Initialised KNNImputer with {'missing_values': nan, 'n_neighbors': 3, 'weights': 'uniform'}
[2025-05-10 21:18:17,192] 47 root - INFO - Entered the save_object method of MainUtils class
[2025-05-10 21:18:17,194] 51 root - INFO - Exited the save_object method of MainUtils class
[2025-05-10 21:18:17,194] 47 root - INFO - Entered the save_object method of MainUtils class
[2025-05-10 21:18:17,194] 51 root - INFO - Exited the save_object method of MainUtils class
[2025-05-10 21:18:17,194] 47 root - INFO - Entered the save_object method of MainUtils class
[2025-05-10 21:18:17,196] 51 root - INFO - Exited the save_object method of MainUtils class
[2025-05-10 21:18:17,196] 33 root - INFO - Model Trainer process started
