[2025-05-10 21:09:01,167] 17 root - INFO - create the dataingestion class for perform the function
[2025-05-10 21:09:01,167] 24 root - INFO - read the data from mongodb
[2025-05-10 21:09:01,167] 42 root - INFO - store the data into store path as csv format
[2025-05-10 21:09:01,167] 55 root - INFO - split the data as train and test
[2025-05-10 21:09:01,167] 68 root - INFO - initta ethe data ingestion function to call all fuction
[2025-05-10 21:09:04,719] 1025 httpx - INFO - HTTP Request: GET https://dagshub.com/api/v1/user "HTTP/1.1 200 OK"
[2025-05-10 21:09:04,729] 107 dagshub - INFO - Accessing as sharmi-jes
[2025-05-10 21:09:05,346] 1025 httpx - INFO - HTTP Request: GET https://dagshub.com/api/v1/repos/sharmi-jes/Students-Academic-Performance-Dataset "HTTP/1.1 200 OK"
[2025-05-10 21:09:05,886] 1025 httpx - INFO - HTTP Request: GET https://dagshub.com/api/v1/user "HTTP/1.1 200 OK"
[2025-05-10 21:09:05,890] 107 dagshub - INFO - Initialized MLflow to track repo "sharmi-jes/Students-Academic-Performance-Dataset"
[2025-05-10 21:09:05,890] 107 dagshub - INFO - Repository sharmi-jes/Students-Academic-Performance-Dataset initialized!
[2025-05-10 21:09:06,764] 20 root - INFO - Data Validation Process started
[2025-05-10 21:09:06,810] 36 root - INFO - Required number of columns:2
[2025-05-10 21:09:06,810] 37 root - INFO - Data frame has columns:18
[2025-05-10 21:09:06,810] 36 root - INFO - Required number of columns:2
[2025-05-10 21:09:06,810] 37 root - INFO - Data frame has columns:18
[2025-05-10 21:09:06,859] 27 root - INFO - Data TRansformation Process started
[2025-05-10 21:09:06,929] 36 root - INFO - Entered get_data_trnasformer_object method of Trnasformation class
[2025-05-10 21:09:06,933] 39 root - INFO - Initialised KNNImputer with {'missing_values': nan, 'n_neighbors': 3, 'weights': 'uniform'}
[2025-05-10 21:09:06,943] 47 root - INFO - Entered the save_object method of MainUtils class
[2025-05-10 21:09:06,943] 51 root - INFO - Exited the save_object method of MainUtils class
[2025-05-10 21:09:06,943] 47 root - INFO - Entered the save_object method of MainUtils class
[2025-05-10 21:09:06,946] 51 root - INFO - Exited the save_object method of MainUtils class
[2025-05-10 21:09:06,946] 47 root - INFO - Entered the save_object method of MainUtils class
[2025-05-10 21:09:06,950] 51 root - INFO - Exited the save_object method of MainUtils class
[2025-05-10 21:09:06,950] 33 root - INFO - Model Trainer process started
