[2025-05-10 19:17:45,935] 17 root - INFO - create the dataingestion class for perform the function
[2025-05-10 19:17:45,936] 24 root - INFO - read the data from mongodb
[2025-05-10 19:17:45,936] 42 root - INFO - store the data into store path as csv format
[2025-05-10 19:17:45,936] 55 root - INFO - split the data as train and test
[2025-05-10 19:17:45,936] 68 root - INFO - initta ethe data ingestion function to call all fuction
[2025-05-10 19:17:51,069] 1025 httpx - INFO - HTTP Request: GET https://dagshub.com/api/v1/user "HTTP/1.1 200 OK"
[2025-05-10 19:17:51,077] 107 dagshub - INFO - Accessing as sharmi-jes
[2025-05-10 19:17:53,157] 1025 httpx - INFO - HTTP Request: GET https://dagshub.com/api/v1/repos/sharmi-jes/Students-Academic-Performance-Dataset "HTTP/1.1 200 OK"
[2025-05-10 19:17:55,594] 1025 httpx - INFO - HTTP Request: GET https://dagshub.com/api/v1/user "HTTP/1.1 200 OK"
[2025-05-10 19:17:55,600] 107 dagshub - INFO - Initialized MLflow to track repo "sharmi-jes/Students-Academic-Performance-Dataset"
[2025-05-10 19:17:55,603] 107 dagshub - INFO - Repository sharmi-jes/Students-Academic-Performance-Dataset initialized!
[2025-05-10 19:17:57,396] 20 root - INFO - Data Validation Process started
[2025-05-10 19:17:57,453] 36 root - INFO - Required number of columns:2
[2025-05-10 19:17:57,454] 37 root - INFO - Data frame has columns:18
[2025-05-10 19:17:57,454] 36 root - INFO - Required number of columns:2
[2025-05-10 19:17:57,454] 37 root - INFO - Data frame has columns:18
[2025-05-10 19:17:57,522] 27 root - INFO - Data TRansformation Process started
[2025-05-10 19:17:57,625] 55 root - INFO - Entered get_data_trnasformer_object method of Trnasformation class
[2025-05-10 19:17:57,625] 60 root - INFO - Initialise KNNImputer with {'missing_values': nan, 'n_neighbors': 3, 'weights': 'uniform'}
[2025-05-10 19:17:57,648] 47 root - INFO - Entered the save_object method of MainUtils class
[2025-05-10 19:17:57,648] 51 root - INFO - Exited the save_object method of MainUtils class
[2025-05-10 19:17:57,648] 47 root - INFO - Entered the save_object method of MainUtils class
[2025-05-10 19:17:57,648] 51 root - INFO - Exited the save_object method of MainUtils class
[2025-05-10 19:17:57,653] 33 root - INFO - Model Trainer process started
